running egg_info
creating ../../build/thruster_control/thruster_control.egg-info
writing ../../build/thruster_control/thruster_control.egg-info/PKG-INFO
writing dependency_links to ../../build/thruster_control/thruster_control.egg-info/dependency_links.txt
writing requirements to ../../build/thruster_control/thruster_control.egg-info/requires.txt
writing top-level names to ../../build/thruster_control/thruster_control.egg-info/top_level.txt
writing manifest file '../../build/thruster_control/thruster_control.egg-info/SOURCES.txt'
reading manifest file '../../build/thruster_control/thruster_control.egg-info/SOURCES.txt'
writing manifest file '../../build/thruster_control/thruster_control.egg-info/SOURCES.txt'
running build
running build_py
creating /home/griffithw/saad_sys/build/thruster_control/build
creating /home/griffithw/saad_sys/build/thruster_control/build/lib
creating /home/griffithw/saad_sys/build/thruster_control/build/lib/thruster_control
copying thruster_control/thruster_control_left.py -> /home/griffithw/saad_sys/build/thruster_control/build/lib/thruster_control
copying thruster_control/thruster_control_right.py -> /home/griffithw/saad_sys/build/thruster_control/build/lib/thruster_control
copying thruster_control/__init__.py -> /home/griffithw/saad_sys/build/thruster_control/build/lib/thruster_control
copying thruster_control/thruster_control_keyboard.py -> /home/griffithw/saad_sys/build/thruster_control/build/lib/thruster_control
running install
running install_lib
creating /home/griffithw/saad_sys/install/thruster_control/lib/python3.12/site-packages/thruster_control
copying /home/griffithw/saad_sys/build/thruster_control/build/lib/thruster_control/thruster_control_left.py -> /home/griffithw/saad_sys/install/thruster_control/lib/python3.12/site-packages/thruster_control
copying /home/griffithw/saad_sys/build/thruster_control/build/lib/thruster_control/thruster_control_right.py -> /home/griffithw/saad_sys/install/thruster_control/lib/python3.12/site-packages/thruster_control
copying /home/griffithw/saad_sys/build/thruster_control/build/lib/thruster_control/__init__.py -> /home/griffithw/saad_sys/install/thruster_control/lib/python3.12/site-packages/thruster_control
copying /home/griffithw/saad_sys/build/thruster_control/build/lib/thruster_control/thruster_control_keyboard.py -> /home/griffithw/saad_sys/install/thruster_control/lib/python3.12/site-packages/thruster_control
byte-compiling /home/griffithw/saad_sys/install/thruster_control/lib/python3.12/site-packages/thruster_control/thruster_control_left.py to thruster_control_left.cpython-312.pyc
byte-compiling /home/griffithw/saad_sys/install/thruster_control/lib/python3.12/site-packages/thruster_control/thruster_control_right.py to thruster_control_right.cpython-312.pyc
byte-compiling /home/griffithw/saad_sys/install/thruster_control/lib/python3.12/site-packages/thruster_control/__init__.py to __init__.cpython-312.pyc
byte-compiling /home/griffithw/saad_sys/install/thruster_control/lib/python3.12/site-packages/thruster_control/thruster_control_keyboard.py to thruster_control_keyboard.cpython-312.pyc
running install_data
creating /home/griffithw/saad_sys/install/thruster_control/share/ament_index
creating /home/griffithw/saad_sys/install/thruster_control/share/ament_index/resource_index
creating /home/griffithw/saad_sys/install/thruster_control/share/ament_index/resource_index/packages
copying resource/thruster_control -> /home/griffithw/saad_sys/install/thruster_control/share/ament_index/resource_index/packages
copying package.xml -> /home/griffithw/saad_sys/install/thruster_control/share/thruster_control
running install_egg_info
Copying ../../build/thruster_control/thruster_control.egg-info to /home/griffithw/saad_sys/install/thruster_control/lib/python3.12/site-packages/thruster_control-0.0.0-py3.12.egg-info
running install_scripts
writing list of installed files to '/home/griffithw/saad_sys/build/thruster_control/install.log'
