[0.459s] Invoking command in '/home/griffithw/saad_sys/src/thruster_control': DEBUGINFOD_URLS=https://debuginfod.ubuntu.com PYTHONPATH=/home/griffithw/saad_sys/build/thruster_control/prefix_override:/usr/lib/python3/dist-packages/colcon_core/task/python/colcon_distutils_commands:/home/griffithw/saad_sys/install/thruster_control/lib/python3.12/site-packages:${PYTHONPATH} /usr/bin/python3 -W ignore:setup.py install is deprecated setup.py egg_info --egg-base ../../build/thruster_control build --build-base /home/griffithw/saad_sys/build/thruster_control/build install --record /home/griffithw/saad_sys/build/thruster_control/install.log --single-version-externally-managed install_data
[0.604s] running egg_info
[0.607s] creating ../../build/thruster_control/thruster_control.egg-info
[0.616s] writing ../../build/thruster_control/thruster_control.egg-info/PKG-INFO
[0.616s] writing dependency_links to ../../build/thruster_control/thruster_control.egg-info/dependency_links.txt
[0.616s] writing requirements to ../../build/thruster_control/thruster_control.egg-info/requires.txt
[0.616s] writing top-level names to ../../build/thruster_control/thruster_control.egg-info/top_level.txt
[0.617s] writing manifest file '../../build/thruster_control/thruster_control.egg-info/SOURCES.txt'
[0.637s] reading manifest file '../../build/thruster_control/thruster_control.egg-info/SOURCES.txt'
[0.638s] writing manifest file '../../build/thruster_control/thruster_control.egg-info/SOURCES.txt'
[0.638s] running build
[0.638s] running build_py
[0.638s] creating /home/griffithw/saad_sys/build/thruster_control/build
[0.638s] creating /home/griffithw/saad_sys/build/thruster_control/build/lib
[0.638s] creating /home/griffithw/saad_sys/build/thruster_control/build/lib/thruster_control
[0.638s] copying thruster_control/thruster_control_left.py -> /home/griffithw/saad_sys/build/thruster_control/build/lib/thruster_control
[0.638s] copying thruster_control/thruster_control_right.py -> /home/griffithw/saad_sys/build/thruster_control/build/lib/thruster_control
[0.638s] copying thruster_control/__init__.py -> /home/griffithw/saad_sys/build/thruster_control/build/lib/thruster_control
[0.638s] copying thruster_control/thruster_control_keyboard.py -> /home/griffithw/saad_sys/build/thruster_control/build/lib/thruster_control
[0.638s] running install
[0.642s] running install_lib
[0.652s] creating /home/griffithw/saad_sys/install/thruster_control/lib/python3.12/site-packages/thruster_control
[0.652s] copying /home/griffithw/saad_sys/build/thruster_control/build/lib/thruster_control/thruster_control_left.py -> /home/griffithw/saad_sys/install/thruster_control/lib/python3.12/site-packages/thruster_control
[0.652s] copying /home/griffithw/saad_sys/build/thruster_control/build/lib/thruster_control/thruster_control_right.py -> /home/griffithw/saad_sys/install/thruster_control/lib/python3.12/site-packages/thruster_control
[0.652s] copying /home/griffithw/saad_sys/build/thruster_control/build/lib/thruster_control/__init__.py -> /home/griffithw/saad_sys/install/thruster_control/lib/python3.12/site-packages/thruster_control
[0.652s] copying /home/griffithw/saad_sys/build/thruster_control/build/lib/thruster_control/thruster_control_keyboard.py -> /home/griffithw/saad_sys/install/thruster_control/lib/python3.12/site-packages/thruster_control
[0.652s] byte-compiling /home/griffithw/saad_sys/install/thruster_control/lib/python3.12/site-packages/thruster_control/thruster_control_left.py to thruster_control_left.cpython-312.pyc
[0.653s] byte-compiling /home/griffithw/saad_sys/install/thruster_control/lib/python3.12/site-packages/thruster_control/thruster_control_right.py to thruster_control_right.cpython-312.pyc
[0.653s] byte-compiling /home/griffithw/saad_sys/install/thruster_control/lib/python3.12/site-packages/thruster_control/__init__.py to __init__.cpython-312.pyc
[0.653s] byte-compiling /home/griffithw/saad_sys/install/thruster_control/lib/python3.12/site-packages/thruster_control/thruster_control_keyboard.py to thruster_control_keyboard.cpython-312.pyc
[0.653s] running install_data
[0.653s] creating /home/griffithw/saad_sys/install/thruster_control/share/ament_index
[0.653s] creating /home/griffithw/saad_sys/install/thruster_control/share/ament_index/resource_index
[0.653s] creating /home/griffithw/saad_sys/install/thruster_control/share/ament_index/resource_index/packages
[0.653s] copying resource/thruster_control -> /home/griffithw/saad_sys/install/thruster_control/share/ament_index/resource_index/packages
[0.653s] copying package.xml -> /home/griffithw/saad_sys/install/thruster_control/share/thruster_control
[0.653s] running install_egg_info
[0.664s] Copying ../../build/thruster_control/thruster_control.egg-info to /home/griffithw/saad_sys/install/thruster_control/lib/python3.12/site-packages/thruster_control-0.0.0-py3.12.egg-info
[0.665s] running install_scripts
[0.733s] writing list of installed files to '/home/griffithw/saad_sys/build/thruster_control/install.log'
[0.749s] Invoked command in '/home/griffithw/saad_sys/src/thruster_control' returned '0': DEBUGINFOD_URLS=https://debuginfod.ubuntu.com PYTHONPATH=/home/griffithw/saad_sys/build/thruster_control/prefix_override:/usr/lib/python3/dist-packages/colcon_core/task/python/colcon_distutils_commands:/home/griffithw/saad_sys/install/thruster_control/lib/python3.12/site-packages:${PYTHONPATH} /usr/bin/python3 -W ignore:setup.py install is deprecated setup.py egg_info --egg-base ../../build/thruster_control build --build-base /home/griffithw/saad_sys/build/thruster_control/build install --record /home/griffithw/saad_sys/build/thruster_control/install.log --single-version-externally-managed install_data
