[0.438s] Invoking command in '/home/griffithw/saad_sys/src/thruster_control': DEBUGINFOD_URLS=https://debuginfod.ubuntu.com PYTHONPATH=/home/griffithw/saad_sys/build/thruster_control/prefix_override:/usr/lib/python3/dist-packages/colcon_core/task/python/colcon_distutils_commands:/home/griffithw/saad_sys/install/thruster_control/lib/python3.12/site-packages:${PYTHONPATH} /usr/bin/python3 -W ignore:setup.py install is deprecated setup.py egg_info --egg-base ../../build/thruster_control build --build-base /home/griffithw/saad_sys/build/thruster_control/build install --record /home/griffithw/saad_sys/build/thruster_control/install.log --single-version-externally-managed install_data
[0.583s] running egg_info
[0.588s] writing ../../build/thruster_control/thruster_control.egg-info/PKG-INFO
[0.588s] writing dependency_links to ../../build/thruster_control/thruster_control.egg-info/dependency_links.txt
[0.588s] writing entry points to ../../build/thruster_control/thruster_control.egg-info/entry_points.txt
[0.588s] writing requirements to ../../build/thruster_control/thruster_control.egg-info/requires.txt
[0.589s] writing top-level names to ../../build/thruster_control/thruster_control.egg-info/top_level.txt
[0.608s] reading manifest file '../../build/thruster_control/thruster_control.egg-info/SOURCES.txt'
[0.609s] writing manifest file '../../build/thruster_control/thruster_control.egg-info/SOURCES.txt'
[0.609s] running build
[0.609s] running build_py
[0.609s] running install
[0.614s] running install_lib
[0.623s] running install_data
[0.623s] running install_egg_info
[0.633s] removing '/home/griffithw/saad_sys/install/thruster_control/lib/python3.12/site-packages/thruster_control-0.0.0-py3.12.egg-info' (and everything under it)
[0.633s] Copying ../../build/thruster_control/thruster_control.egg-info to /home/griffithw/saad_sys/install/thruster_control/lib/python3.12/site-packages/thruster_control-0.0.0-py3.12.egg-info
[0.633s] running install_scripts
[0.699s] Installing thruster_control_keyboard script to /home/griffithw/saad_sys/install/thruster_control/lib/thruster_control
[0.699s] writing list of installed files to '/home/griffithw/saad_sys/build/thruster_control/install.log'
[0.715s] Invoked command in '/home/griffithw/saad_sys/src/thruster_control' returned '0': DEBUGINFOD_URLS=https://debuginfod.ubuntu.com PYTHONPATH=/home/griffithw/saad_sys/build/thruster_control/prefix_override:/usr/lib/python3/dist-packages/colcon_core/task/python/colcon_distutils_commands:/home/griffithw/saad_sys/install/thruster_control/lib/python3.12/site-packages:${PYTHONPATH} /usr/bin/python3 -W ignore:setup.py install is deprecated setup.py egg_info --egg-base ../../build/thruster_control build --build-base /home/griffithw/saad_sys/build/thruster_control/build install --record /home/griffithw/saad_sys/build/thruster_control/install.log --single-version-externally-managed install_data
