[0.009s] Invoking command in '/home/griffithw/saad_sys/build/saad_controller': CMAKE_PREFIX_PATH=${CMAKE_PREFIX_PATH}:/opt/ros/jazzy DEBUGINFOD_URLS=https://debuginfod.ubuntu.com /usr/bin/cmake --build /home/griffithw/saad_sys/build/saad_controller -- -j4 -l4
[0.140s] Invoked command in '/home/griffithw/saad_sys/build/saad_controller' returned '0': CMAKE_PREFIX_PATH=${CMAKE_PREFIX_PATH}:/opt/ros/jazzy DEBUGINFOD_URLS=https://debuginfod.ubuntu.com /usr/bin/cmake --build /home/griffithw/saad_sys/build/saad_controller -- -j4 -l4
[0.157s] Invoking command in '/home/griffithw/saad_sys/build/saad_controller': CMAKE_PREFIX_PATH=${CMAKE_PREFIX_PATH}:/opt/ros/jazzy DEBUGINFOD_URLS=https://debuginfod.ubuntu.com /usr/bin/cmake --install /home/griffithw/saad_sys/build/saad_controller
[0.161s] -- Install configuration: ""
[0.161s] -- Up-to-date: /home/griffithw/saad_sys/install/saad_controller/share/ament_index/resource_index/package_run_dependencies/saad_controller
[0.161s] -- Up-to-date: /home/griffithw/saad_sys/install/saad_controller/share/ament_index/resource_index/parent_prefix_path/saad_controller
[0.161s] -- Up-to-date: /home/griffithw/saad_sys/install/saad_controller/share/saad_controller/environment/ament_prefix_path.sh
[0.161s] -- Up-to-date: /home/griffithw/saad_sys/install/saad_controller/share/saad_controller/environment/ament_prefix_path.dsv
[0.161s] -- Up-to-date: /home/griffithw/saad_sys/install/saad_controller/share/saad_controller/environment/path.sh
[0.161s] -- Up-to-date: /home/griffithw/saad_sys/install/saad_controller/share/saad_controller/environment/path.dsv
[0.161s] -- Up-to-date: /home/griffithw/saad_sys/install/saad_controller/share/saad_controller/local_setup.bash
[0.162s] -- Up-to-date: /home/griffithw/saad_sys/install/saad_controller/share/saad_controller/local_setup.sh
[0.162s] -- Up-to-date: /home/griffithw/saad_sys/install/saad_controller/share/saad_controller/local_setup.zsh
[0.162s] -- Up-to-date: /home/griffithw/saad_sys/install/saad_controller/share/saad_controller/local_setup.dsv
[0.162s] -- Installing: /home/griffithw/saad_sys/install/saad_controller/share/saad_controller/package.dsv
[0.162s] -- Up-to-date: /home/griffithw/saad_sys/install/saad_controller/share/ament_index/resource_index/packages/saad_controller
[0.162s] -- Up-to-date: /home/griffithw/saad_sys/install/saad_controller/share/saad_controller/cmake/saad_controllerConfig.cmake
[0.162s] -- Up-to-date: /home/griffithw/saad_sys/install/saad_controller/share/saad_controller/cmake/saad_controllerConfig-version.cmake
[0.162s] -- Up-to-date: /home/griffithw/saad_sys/install/saad_controller/share/saad_controller/package.xml
[0.162s] Invoked command in '/home/griffithw/saad_sys/build/saad_controller' returned '0': CMAKE_PREFIX_PATH=${CMAKE_PREFIX_PATH}:/opt/ros/jazzy DEBUGINFOD_URLS=https://debuginfod.ubuntu.com /usr/bin/cmake --install /home/griffithw/saad_sys/build/saad_controller
