[0.433s] Invoking command in '/home/griffithw/saad_sys/src/thruster_control': DEBUGINFOD_URLS=https://debuginfod.ubuntu.com PYTHONPATH=/home/griffithw/saad_sys/build/thruster_control/prefix_override:/usr/lib/python3/dist-packages/colcon_core/task/python/colcon_distutils_commands:/home/griffithw/saad_sys/install/thruster_control/lib/python3.12/site-packages:${PYTHONPATH} /usr/bin/python3 -W ignore:setup.py install is deprecated setup.py egg_info --egg-base ../../build/thruster_control build --build-base /home/griffithw/saad_sys/build/thruster_control/build install --record /home/griffithw/saad_sys/build/thruster_control/install.log --single-version-externally-managed install_data
[0.580s] running egg_info
[0.580s] writing ../../build/thruster_control/thruster_control.egg-info/PKG-INFO
[0.580s] writing dependency_links to ../../build/thruster_control/thruster_control.egg-info/dependency_links.txt
[0.580s] writing requirements to ../../build/thruster_control/thruster_control.egg-info/requires.txt
[0.580s] writing top-level names to ../../build/thruster_control/thruster_control.egg-info/top_level.txt
[0.600s] reading manifest file '../../build/thruster_control/thruster_control.egg-info/SOURCES.txt'
[0.600s] writing manifest file '../../build/thruster_control/thruster_control.egg-info/SOURCES.txt'
[0.600s] running build
[0.601s] running build_py
[0.601s] running install
[0.605s] running install_lib
[0.614s] running install_data
[0.614s] copying package.xml -> /home/griffithw/saad_sys/install/thruster_control/share/thruster_control
[0.614s] running install_egg_info
[0.624s] removing '/home/griffithw/saad_sys/install/thruster_control/lib/python3.12/site-packages/thruster_control-0.0.0-py3.12.egg-info' (and everything under it)
[0.624s] Copying ../../build/thruster_control/thruster_control.egg-info to /home/griffithw/saad_sys/install/thruster_control/lib/python3.12/site-packages/thruster_control-0.0.0-py3.12.egg-info
[0.624s] running install_scripts
[0.693s] writing list of installed files to '/home/griffithw/saad_sys/build/thruster_control/install.log'
[0.708s] Invoked command in '/home/griffithw/saad_sys/src/thruster_control' returned '0': DEBUGINFOD_URLS=https://debuginfod.ubuntu.com PYTHONPATH=/home/griffithw/saad_sys/build/thruster_control/prefix_override:/usr/lib/python3/dist-packages/colcon_core/task/python/colcon_distutils_commands:/home/griffithw/saad_sys/install/thruster_control/lib/python3.12/site-packages:${PYTHONPATH} /usr/bin/python3 -W ignore:setup.py install is deprecated setup.py egg_info --egg-base ../../build/thruster_control build --build-base /home/griffithw/saad_sys/build/thruster_control/build install --record /home/griffithw/saad_sys/build/thruster_control/install.log --single-version-externally-managed install_data
