[0.010s] Invoking command in '/home/griffithw/saad_sys/build/saad_controller': CMAKE_PREFIX_PATH=${CMAKE_PREFIX_PATH}:/opt/ros/jazzy DEBUGINFOD_URLS=https://debuginfod.ubuntu.com /usr/bin/cmake /home/griffithw/saad_sys/src/saad_controller -DCMAKE_INSTALL_PREFIX=/home/griffithw/saad_sys/install/saad_controller
[0.203s] -- The C compiler identification is GNU 13.2.0
[0.423s] -- The CXX compiler identification is GNU 13.2.0
[0.440s] -- Detecting C compiler ABI info
[0.504s] -- Detecting C compiler ABI info - done
[0.509s] -- Check for working C compiler: /usr/bin/cc - skipped
[0.509s] -- Detecting C compile features
[0.510s] -- Detecting C compile features - done
[0.517s] -- Detecting CXX compiler ABI info
[0.571s] -- Detecting CXX compiler ABI info - done
[0.575s] -- Check for working CXX compiler: /usr/bin/c++ - skipped
[0.575s] -- Detecting CXX compile features
[0.575s] -- Detecting CXX compile features - done
[0.584s] -- Found ament_cmake: 2.5.2 (/opt/ros/jazzy/share/ament_cmake/cmake)
[0.675s] -- Found Python3: /usr/bin/python3 (found version "3.12.3") found components: Interpreter 
[0.764s] -- Found rclcpp: 28.1.5 (/opt/ros/jazzy/share/rclcpp/cmake)
[0.803s] -- Found rosidl_generator_c: 4.6.4 (/opt/ros/jazzy/share/rosidl_generator_c/cmake)
[0.817s] -- Found rosidl_generator_cpp: 4.6.4 (/opt/ros/jazzy/share/rosidl_generator_cpp/cmake)
[0.835s] -- Using all available rosidl_typesupport_c: rosidl_typesupport_fastrtps_c;rosidl_typesupport_introspection_c
[0.851s] -- Using all available rosidl_typesupport_cpp: rosidl_typesupport_fastrtps_cpp;rosidl_typesupport_introspection_cpp
[0.923s] -- Found rmw_implementation_cmake: 7.3.1 (/opt/ros/jazzy/share/rmw_implementation_cmake/cmake)
[0.927s] -- Found rmw_fastrtps_cpp: 8.4.1 (/opt/ros/jazzy/share/rmw_fastrtps_cpp/cmake)
[0.985s] -- Found OpenSSL: /usr/lib/x86_64-linux-gnu/libcrypto.so (found version "3.0.13")  
[0.997s] -- Found FastRTPS: /opt/ros/jazzy/include (Required is at least version "2.13") 
[1.011s] -- Using RMW implementation 'rmw_fastrtps_cpp' as default
[1.079s] -- Found ament_lint_auto: 0.17.1 (/opt/ros/jazzy/share/ament_lint_auto/cmake)
[1.164s] -- Added test 'lint_cmake' to check CMake code style
[1.166s] -- Added test 'xmllint' to check XML markup files
[1.167s] -- Configuring done (1.1s)
[1.169s] -- Generating done (0.0s)
[1.170s] -- Build files have been written to: /home/griffithw/saad_sys/build/saad_controller
[1.175s] Invoked command in '/home/griffithw/saad_sys/build/saad_controller' returned '0': CMAKE_PREFIX_PATH=${CMAKE_PREFIX_PATH}:/opt/ros/jazzy DEBUGINFOD_URLS=https://debuginfod.ubuntu.com /usr/bin/cmake /home/griffithw/saad_sys/src/saad_controller -DCMAKE_INSTALL_PREFIX=/home/griffithw/saad_sys/install/saad_controller
[1.176s] Invoking command in '/home/griffithw/saad_sys/build/saad_controller': CMAKE_PREFIX_PATH=${CMAKE_PREFIX_PATH}:/opt/ros/jazzy DEBUGINFOD_URLS=https://debuginfod.ubuntu.com /usr/bin/cmake --build /home/griffithw/saad_sys/build/saad_controller -- -j4 -l4
[1.200s] Invoked command in '/home/griffithw/saad_sys/build/saad_controller' returned '0': CMAKE_PREFIX_PATH=${CMAKE_PREFIX_PATH}:/opt/ros/jazzy DEBUGINFOD_URLS=https://debuginfod.ubuntu.com /usr/bin/cmake --build /home/griffithw/saad_sys/build/saad_controller -- -j4 -l4
[1.216s] Invoking command in '/home/griffithw/saad_sys/build/saad_controller': CMAKE_PREFIX_PATH=${CMAKE_PREFIX_PATH}:/opt/ros/jazzy DEBUGINFOD_URLS=https://debuginfod.ubuntu.com /usr/bin/cmake --install /home/griffithw/saad_sys/build/saad_controller
[1.221s] -- Install configuration: ""
[1.221s] -- Installing: /home/griffithw/saad_sys/install/saad_controller/share/ament_index/resource_index/package_run_dependencies/saad_controller
[1.221s] -- Installing: /home/griffithw/saad_sys/install/saad_controller/share/ament_index/resource_index/parent_prefix_path/saad_controller
[1.221s] -- Installing: /home/griffithw/saad_sys/install/saad_controller/share/saad_controller/environment/ament_prefix_path.sh
[1.221s] -- Installing: /home/griffithw/saad_sys/install/saad_controller/share/saad_controller/environment/ament_prefix_path.dsv
[1.221s] -- Installing: /home/griffithw/saad_sys/install/saad_controller/share/saad_controller/environment/path.sh
[1.222s] -- Installing: /home/griffithw/saad_sys/install/saad_controller/share/saad_controller/environment/path.dsv
[1.222s] -- Installing: /home/griffithw/saad_sys/install/saad_controller/share/saad_controller/local_setup.bash
[1.222s] -- Installing: /home/griffithw/saad_sys/install/saad_controller/share/saad_controller/local_setup.sh
[1.222s] -- Installing: /home/griffithw/saad_sys/install/saad_controller/share/saad_controller/local_setup.zsh
[1.222s] -- Installing: /home/griffithw/saad_sys/install/saad_controller/share/saad_controller/local_setup.dsv
[1.222s] -- Installing: /home/griffithw/saad_sys/install/saad_controller/share/saad_controller/package.dsv
[1.222s] -- Installing: /home/griffithw/saad_sys/install/saad_controller/share/ament_index/resource_index/packages/saad_controller
[1.222s] -- Installing: /home/griffithw/saad_sys/install/saad_controller/share/saad_controller/cmake/saad_controllerConfig.cmake
[1.222s] -- Installing: /home/griffithw/saad_sys/install/saad_controller/share/saad_controller/cmake/saad_controllerConfig-version.cmake
[1.222s] -- Installing: /home/griffithw/saad_sys/install/saad_controller/share/saad_controller/package.xml
[1.223s] Invoked command in '/home/griffithw/saad_sys/build/saad_controller' returned '0': CMAKE_PREFIX_PATH=${CMAKE_PREFIX_PATH}:/opt/ros/jazzy DEBUGINFOD_URLS=https://debuginfod.ubuntu.com /usr/bin/cmake --install /home/griffithw/saad_sys/build/saad_controller
