[0.725s] Invoking command in '/home/griffithw/saad_sys/src/thruster_control_left': DEBUGINFOD_URLS=https://debuginfod.ubuntu.com PYTHONPATH=/home/griffithw/saad_sys/build/thruster_control_left/prefix_override:/usr/lib/python3/dist-packages/colcon_core/task/python/colcon_distutils_commands:/home/griffithw/saad_sys/install/thruster_control_left/lib/python3.12/site-packages:${PYTHONPATH} /usr/bin/python3 -W ignore:setup.py install is deprecated setup.py egg_info --egg-base ../../build/thruster_control_left build --build-base /home/griffithw/saad_sys/build/thruster_control_left/build install --record /home/griffithw/saad_sys/build/thruster_control_left/install.log --single-version-externally-managed install_data
[0.877s] running egg_info
[0.877s] creating ../../build/thruster_control_left/thruster_control_left.egg-info
[0.887s] writing ../../build/thruster_control_left/thruster_control_left.egg-info/PKG-INFO
[0.887s] writing dependency_links to ../../build/thruster_control_left/thruster_control_left.egg-info/dependency_links.txt
[0.887s] writing requirements to ../../build/thruster_control_left/thruster_control_left.egg-info/requires.txt
[0.887s] writing top-level names to ../../build/thruster_control_left/thruster_control_left.egg-info/top_level.txt
[0.887s] writing manifest file '../../build/thruster_control_left/thruster_control_left.egg-info/SOURCES.txt'
[0.919s] reading manifest file '../../build/thruster_control_left/thruster_control_left.egg-info/SOURCES.txt'
[0.919s] writing manifest file '../../build/thruster_control_left/thruster_control_left.egg-info/SOURCES.txt'
[0.919s] running build
[0.919s] running build_py
[0.919s] creating /home/griffithw/saad_sys/build/thruster_control_left/build
[0.919s] creating /home/griffithw/saad_sys/build/thruster_control_left/build/lib
[0.919s] creating /home/griffithw/saad_sys/build/thruster_control_left/build/lib/thruster_control_left
[0.919s] copying thruster_control_left/__init__.py -> /home/griffithw/saad_sys/build/thruster_control_left/build/lib/thruster_control_left
[0.919s] running install
[0.927s] running install_lib
[0.933s] creating /home/griffithw/saad_sys/install/thruster_control_left/lib/python3.12/site-packages/thruster_control_left
[0.933s] copying /home/griffithw/saad_sys/build/thruster_control_left/build/lib/thruster_control_left/__init__.py -> /home/griffithw/saad_sys/install/thruster_control_left/lib/python3.12/site-packages/thruster_control_left
[0.933s] byte-compiling /home/griffithw/saad_sys/install/thruster_control_left/lib/python3.12/site-packages/thruster_control_left/__init__.py to __init__.cpython-312.pyc
[0.933s] running install_data
[0.933s] creating /home/griffithw/saad_sys/install/thruster_control_left/share/ament_index
[0.934s] creating /home/griffithw/saad_sys/install/thruster_control_left/share/ament_index/resource_index
[0.934s] creating /home/griffithw/saad_sys/install/thruster_control_left/share/ament_index/resource_index/packages
[0.934s] copying resource/thruster_control_left -> /home/griffithw/saad_sys/install/thruster_control_left/share/ament_index/resource_index/packages
[0.934s] copying package.xml -> /home/griffithw/saad_sys/install/thruster_control_left/share/thruster_control_left
[0.934s] running install_egg_info
[0.944s] Copying ../../build/thruster_control_left/thruster_control_left.egg-info to /home/griffithw/saad_sys/install/thruster_control_left/lib/python3.12/site-packages/thruster_control_left-0.0.0-py3.12.egg-info
[0.945s] running install_scripts
[1.015s] writing list of installed files to '/home/griffithw/saad_sys/build/thruster_control_left/install.log'
[1.034s] Invoked command in '/home/griffithw/saad_sys/src/thruster_control_left' returned '0': DEBUGINFOD_URLS=https://debuginfod.ubuntu.com PYTHONPATH=/home/griffithw/saad_sys/build/thruster_control_left/prefix_override:/usr/lib/python3/dist-packages/colcon_core/task/python/colcon_distutils_commands:/home/griffithw/saad_sys/install/thruster_control_left/lib/python3.12/site-packages:${PYTHONPATH} /usr/bin/python3 -W ignore:setup.py install is deprecated setup.py egg_info --egg-base ../../build/thruster_control_left build --build-base /home/griffithw/saad_sys/build/thruster_control_left/build install --record /home/griffithw/saad_sys/build/thruster_control_left/install.log --single-version-externally-managed install_data
