running egg_info
writing ../../build/thruster_control/thruster_control.egg-info/PKG-INFO
writing dependency_links to ../../build/thruster_control/thruster_control.egg-info/dependency_links.txt
writing entry points to ../../build/thruster_control/thruster_control.egg-info/entry_points.txt
writing requirements to ../../build/thruster_control/thruster_control.egg-info/requires.txt
writing top-level names to ../../build/thruster_control/thruster_control.egg-info/top_level.txt
reading manifest file '../../build/thruster_control/thruster_control.egg-info/SOURCES.txt'
writing manifest file '../../build/thruster_control/thruster_control.egg-info/SOURCES.txt'
running build
running build_py
copying thruster_control/thruster_control_left.py -> /home/griffithw/saad_sys/build/thruster_control/build/lib/thruster_control
copying thruster_control/thruster_control_right.py -> /home/griffithw/saad_sys/build/thruster_control/build/lib/thruster_control
copying thruster_control/thruster_control_keyboard.py -> /home/griffithw/saad_sys/build/thruster_control/build/lib/thruster_control
running install
running install_lib
copying /home/griffithw/saad_sys/build/thruster_control/build/lib/thruster_control/thruster_control_left.py -> /home/griffithw/saad_sys/install/thruster_control/lib/python3.12/site-packages/thruster_control
copying /home/griffithw/saad_sys/build/thruster_control/build/lib/thruster_control/thruster_control_right.py -> /home/griffithw/saad_sys/install/thruster_control/lib/python3.12/site-packages/thruster_control
copying /home/griffithw/saad_sys/build/thruster_control/build/lib/thruster_control/thruster_control_keyboard.py -> /home/griffithw/saad_sys/install/thruster_control/lib/python3.12/site-packages/thruster_control
byte-compiling /home/griffithw/saad_sys/install/thruster_control/lib/python3.12/site-packages/thruster_control/thruster_control_left.py to thruster_control_left.cpython-312.pyc
byte-compiling /home/griffithw/saad_sys/install/thruster_control/lib/python3.12/site-packages/thruster_control/thruster_control_right.py to thruster_control_right.cpython-312.pyc
byte-compiling /home/griffithw/saad_sys/install/thruster_control/lib/python3.12/site-packages/thruster_control/thruster_control_keyboard.py to thruster_control_keyboard.cpython-312.pyc
running install_data
running install_egg_info
removing '/home/griffithw/saad_sys/install/thruster_control/lib/python3.12/site-packages/thruster_control-0.0.0-py3.12.egg-info' (and everything under it)
Copying ../../build/thruster_control/thruster_control.egg-info to /home/griffithw/saad_sys/install/thruster_control/lib/python3.12/site-packages/thruster_control-0.0.0-py3.12.egg-info
running install_scripts
Installing thruster_control_keyboard script to /home/griffithw/saad_sys/install/thruster_control/lib/thruster_control
writing list of installed files to '/home/griffithw/saad_sys/build/thruster_control/install.log'
