[0.637s] Invoking command in '/home/griffithw/saad_sys/src/thruster_control': DEBUGINFOD_URLS=https://debuginfod.ubuntu.com PYTHONPATH=/home/griffithw/saad_sys/build/thruster_control/prefix_override:/usr/lib/python3/dist-packages/colcon_core/task/python/colcon_distutils_commands:/home/griffithw/saad_sys/install/thruster_control/lib/python3.12/site-packages:${PYTHONPATH} /usr/bin/python3 -W ignore:setup.py install is deprecated setup.py egg_info --egg-base ../../build/thruster_control build --build-base /home/griffithw/saad_sys/build/thruster_control/build install --record /home/griffithw/saad_sys/build/thruster_control/install.log --single-version-externally-managed install_data
[0.790s] running egg_info
[0.790s] writing ../../build/thruster_control/thruster_control.egg-info/PKG-INFO
[0.799s] writing dependency_links to ../../build/thruster_control/thruster_control.egg-info/dependency_links.txt
[0.799s] writing entry points to ../../build/thruster_control/thruster_control.egg-info/entry_points.txt
[0.818s] writing requirements to ../../build/thruster_control/thruster_control.egg-info/requires.txt
[0.818s] writing top-level names to ../../build/thruster_control/thruster_control.egg-info/top_level.txt
[0.818s] reading manifest file '../../build/thruster_control/thruster_control.egg-info/SOURCES.txt'
[0.819s] writing manifest file '../../build/thruster_control/thruster_control.egg-info/SOURCES.txt'
[0.819s] running build
[0.819s] running build_py
[0.820s] copying thruster_control/thruster_control_left.py -> /home/griffithw/saad_sys/build/thruster_control/build/lib/thruster_control
[0.820s] copying thruster_control/thruster_control_right.py -> /home/griffithw/saad_sys/build/thruster_control/build/lib/thruster_control
[0.820s] copying thruster_control/thruster_control_keyboard.py -> /home/griffithw/saad_sys/build/thruster_control/build/lib/thruster_control
[0.820s] running install
[0.824s] running install_lib
[0.835s] copying /home/griffithw/saad_sys/build/thruster_control/build/lib/thruster_control/thruster_control_left.py -> /home/griffithw/saad_sys/install/thruster_control/lib/python3.12/site-packages/thruster_control
[0.835s] copying /home/griffithw/saad_sys/build/thruster_control/build/lib/thruster_control/thruster_control_right.py -> /home/griffithw/saad_sys/install/thruster_control/lib/python3.12/site-packages/thruster_control
[0.835s] copying /home/griffithw/saad_sys/build/thruster_control/build/lib/thruster_control/thruster_control_keyboard.py -> /home/griffithw/saad_sys/install/thruster_control/lib/python3.12/site-packages/thruster_control
[0.835s] byte-compiling /home/griffithw/saad_sys/install/thruster_control/lib/python3.12/site-packages/thruster_control/thruster_control_left.py to thruster_control_left.cpython-312.pyc
[0.836s] byte-compiling /home/griffithw/saad_sys/install/thruster_control/lib/python3.12/site-packages/thruster_control/thruster_control_right.py to thruster_control_right.cpython-312.pyc
[0.836s] byte-compiling /home/griffithw/saad_sys/install/thruster_control/lib/python3.12/site-packages/thruster_control/thruster_control_keyboard.py to thruster_control_keyboard.cpython-312.pyc
[0.837s] running install_data
[0.837s] running install_egg_info
[0.847s] removing '/home/griffithw/saad_sys/install/thruster_control/lib/python3.12/site-packages/thruster_control-0.0.0-py3.12.egg-info' (and everything under it)
[0.847s] Copying ../../build/thruster_control/thruster_control.egg-info to /home/griffithw/saad_sys/install/thruster_control/lib/python3.12/site-packages/thruster_control-0.0.0-py3.12.egg-info
[0.848s] running install_scripts
[0.913s] Installing thruster_control_keyboard script to /home/griffithw/saad_sys/install/thruster_control/lib/thruster_control
[0.913s] writing list of installed files to '/home/griffithw/saad_sys/build/thruster_control/install.log'
[0.930s] Invoked command in '/home/griffithw/saad_sys/src/thruster_control' returned '0': DEBUGINFOD_URLS=https://debuginfod.ubuntu.com PYTHONPATH=/home/griffithw/saad_sys/build/thruster_control/prefix_override:/usr/lib/python3/dist-packages/colcon_core/task/python/colcon_distutils_commands:/home/griffithw/saad_sys/install/thruster_control/lib/python3.12/site-packages:${PYTHONPATH} /usr/bin/python3 -W ignore:setup.py install is deprecated setup.py egg_info --egg-base ../../build/thruster_control build --build-base /home/griffithw/saad_sys/build/thruster_control/build install --record /home/griffithw/saad_sys/build/thruster_control/install.log --single-version-externally-managed install_data
