[0.137s] DEBUG:colcon:Command line arguments: ['/usr/bin/colcon', 'build']
[0.137s] DEBUG:colcon:Parsed command line arguments: Namespace(log_base=None, log_level=None, verb_name='build', build_base='build', install_base='install', merge_install=False, symlink_install=False, test_result_base=None, continue_on_error=False, executor='parallel', parallel_workers=4, event_handlers=None, ignore_user_meta=False, metas=['./colcon.meta'], base_paths=['.'], packages_ignore=None, packages_ignore_regex=None, paths=None, packages_up_to=None, packages_up_to_regex=None, packages_above=None, packages_above_and_dependencies=None, packages_above_depth=None, packages_select_by_dep=None, packages_skip_by_dep=None, packages_skip_up_to=None, packages_select_build_failed=False, packages_skip_build_finished=False, packages_select_test_failures=False, packages_skip_test_passed=False, packages_select=None, packages_skip=None, packages_select_regex=None, packages_skip_regex=None, packages_start=None, packages_end=None, allow_overriding=[], cmake_args=None, cmake_target=None, cmake_target_skip_unavailable=False, cmake_clean_cache=False, cmake_clean_first=False, cmake_force_configure=False, ament_cmake_args=None, catkin_cmake_args=None, catkin_skip_building_tests=False, mixin_files=None, mixin=None, verb_parser=<colcon_mixin.mixin.mixin_argument.MixinArgumentDecorator object at 0x726d1b37df40>, verb_extension=<colcon_core.verb.build.BuildVerb object at 0x726d1b37dbb0>, main=<bound method BuildVerb.main of <colcon_core.verb.build.BuildVerb object at 0x726d1b37dbb0>>, mixin_verb=('build',))
[0.187s] Level 1:colcon.colcon_core.package_discovery:discover_packages(colcon_meta) check parameters
[0.187s] Level 1:colcon.colcon_core.package_discovery:discover_packages(recursive) check parameters
[0.187s] Level 1:colcon.colcon_core.package_discovery:discover_packages(ignore) check parameters
[0.187s] Level 1:colcon.colcon_core.package_discovery:discover_packages(path) check parameters
[0.187s] Level 1:colcon.colcon_core.package_discovery:discover_packages(colcon_meta) discover
[0.187s] Level 1:colcon.colcon_core.package_discovery:discover_packages(recursive) discover
[0.187s] INFO:colcon.colcon_core.package_discovery:Crawling recursively for packages in '/home/griffithw/saad_sys'
[0.187s] Level 1:colcon.colcon_core.package_identification:_identify(.) by extensions ['ignore', 'ignore_ament_install']
[0.187s] Level 1:colcon.colcon_core.package_identification:_identify(.) by extension 'ignore'
[0.187s] Level 1:colcon.colcon_core.package_identification:_identify(.) by extension 'ignore_ament_install'
[0.187s] Level 1:colcon.colcon_core.package_identification:_identify(.) by extensions ['colcon_pkg']
[0.187s] Level 1:colcon.colcon_core.package_identification:_identify(.) by extension 'colcon_pkg'
[0.187s] Level 1:colcon.colcon_core.package_identification:_identify(.) by extensions ['colcon_meta']
[0.187s] Level 1:colcon.colcon_core.package_identification:_identify(.) by extension 'colcon_meta'
[0.187s] Level 1:colcon.colcon_core.package_identification:_identify(.) by extensions ['ros']
[0.187s] Level 1:colcon.colcon_core.package_identification:_identify(.) by extension 'ros'
[0.203s] Level 1:colcon.colcon_core.package_identification:_identify(.) by extensions ['cmake', 'python']
[0.203s] Level 1:colcon.colcon_core.package_identification:_identify(.) by extension 'cmake'
[0.203s] Level 1:colcon.colcon_core.package_identification:_identify(.) by extension 'python'
[0.203s] Level 1:colcon.colcon_core.package_identification:_identify(.) by extensions ['python_setup_py']
[0.203s] Level 1:colcon.colcon_core.package_identification:_identify(.) by extension 'python_setup_py'
[0.203s] Level 1:colcon.colcon_core.package_identification:_identify(build) by extensions ['ignore', 'ignore_ament_install']
[0.203s] Level 1:colcon.colcon_core.package_identification:_identify(build) by extension 'ignore'
[0.203s] Level 1:colcon.colcon_core.package_identification:_identify(build) ignored
[0.203s] Level 1:colcon.colcon_core.package_identification:_identify(install) by extensions ['ignore', 'ignore_ament_install']
[0.204s] Level 1:colcon.colcon_core.package_identification:_identify(install) by extension 'ignore'
[0.204s] Level 1:colcon.colcon_core.package_identification:_identify(install) ignored
[0.204s] Level 1:colcon.colcon_core.package_identification:_identify(log) by extensions ['ignore', 'ignore_ament_install']
[0.204s] Level 1:colcon.colcon_core.package_identification:_identify(log) by extension 'ignore'
[0.204s] Level 1:colcon.colcon_core.package_identification:_identify(log) ignored
[0.204s] Level 1:colcon.colcon_core.package_identification:_identify(src) by extensions ['ignore', 'ignore_ament_install']
[0.204s] Level 1:colcon.colcon_core.package_identification:_identify(src) by extension 'ignore'
[0.204s] Level 1:colcon.colcon_core.package_identification:_identify(src) by extension 'ignore_ament_install'
[0.204s] Level 1:colcon.colcon_core.package_identification:_identify(src) by extensions ['colcon_pkg']
[0.204s] Level 1:colcon.colcon_core.package_identification:_identify(src) by extension 'colcon_pkg'
[0.204s] Level 1:colcon.colcon_core.package_identification:_identify(src) by extensions ['colcon_meta']
[0.204s] Level 1:colcon.colcon_core.package_identification:_identify(src) by extension 'colcon_meta'
[0.204s] Level 1:colcon.colcon_core.package_identification:_identify(src) by extensions ['ros']
[0.204s] Level 1:colcon.colcon_core.package_identification:_identify(src) by extension 'ros'
[0.204s] Level 1:colcon.colcon_core.package_identification:_identify(src) by extensions ['cmake', 'python']
[0.204s] Level 1:colcon.colcon_core.package_identification:_identify(src) by extension 'cmake'
[0.204s] Level 1:colcon.colcon_core.package_identification:_identify(src) by extension 'python'
[0.204s] Level 1:colcon.colcon_core.package_identification:_identify(src) by extensions ['python_setup_py']
[0.204s] Level 1:colcon.colcon_core.package_identification:_identify(src) by extension 'python_setup_py'
[0.204s] Level 1:colcon.colcon_core.package_identification:_identify(src/saad_controller) by extensions ['ignore', 'ignore_ament_install']
[0.204s] Level 1:colcon.colcon_core.package_identification:_identify(src/saad_controller) by extension 'ignore'
[0.204s] Level 1:colcon.colcon_core.package_identification:_identify(src/saad_controller) by extension 'ignore_ament_install'
[0.204s] Level 1:colcon.colcon_core.package_identification:_identify(src/saad_controller) by extensions ['colcon_pkg']
[0.204s] Level 1:colcon.colcon_core.package_identification:_identify(src/saad_controller) by extension 'colcon_pkg'
[0.204s] Level 1:colcon.colcon_core.package_identification:_identify(src/saad_controller) by extensions ['colcon_meta']
[0.204s] Level 1:colcon.colcon_core.package_identification:_identify(src/saad_controller) by extension 'colcon_meta'
[0.204s] Level 1:colcon.colcon_core.package_identification:_identify(src/saad_controller) by extensions ['ros']
[0.204s] Level 1:colcon.colcon_core.package_identification:_identify(src/saad_controller) by extension 'ros'
[0.208s] DEBUG:colcon.colcon_core.package_identification:Package 'src/saad_controller' with type 'ros.ament_cmake' and name 'saad_controller'
[0.208s] Level 1:colcon.colcon_core.package_identification:_identify(src/thruster_control_left) by extensions ['ignore', 'ignore_ament_install']
[0.208s] Level 1:colcon.colcon_core.package_identification:_identify(src/thruster_control_left) by extension 'ignore'
[0.208s] Level 1:colcon.colcon_core.package_identification:_identify(src/thruster_control_left) by extension 'ignore_ament_install'
[0.208s] Level 1:colcon.colcon_core.package_identification:_identify(src/thruster_control_left) by extensions ['colcon_pkg']
[0.208s] Level 1:colcon.colcon_core.package_identification:_identify(src/thruster_control_left) by extension 'colcon_pkg'
[0.208s] Level 1:colcon.colcon_core.package_identification:_identify(src/thruster_control_left) by extensions ['colcon_meta']
[0.208s] Level 1:colcon.colcon_core.package_identification:_identify(src/thruster_control_left) by extension 'colcon_meta'
[0.208s] Level 1:colcon.colcon_core.package_identification:_identify(src/thruster_control_left) by extensions ['ros']
[0.208s] Level 1:colcon.colcon_core.package_identification:_identify(src/thruster_control_left) by extension 'ros'
[0.208s] DEBUG:colcon.colcon_core.package_identification:Package 'src/thruster_control_left' with type 'ros.ament_python' and name 'thruster_control_left'
[0.208s] Level 1:colcon.colcon_core.package_discovery:discover_packages(recursive) using defaults
[0.208s] Level 1:colcon.colcon_core.package_discovery:discover_packages(ignore) discover
[0.209s] Level 1:colcon.colcon_core.package_discovery:discover_packages(ignore) using defaults
[0.209s] Level 1:colcon.colcon_core.package_discovery:discover_packages(path) discover
[0.209s] Level 1:colcon.colcon_core.package_discovery:discover_packages(path) using defaults
[0.226s] Level 1:colcon.colcon_core.package_discovery:discover_packages(prefix_path) check parameters
[0.227s] Level 1:colcon.colcon_core.package_discovery:discover_packages(prefix_path) discover
[0.230s] DEBUG:colcon.colcon_installed_package_information.package_discovery:Found 308 installed packages in /opt/ros/jazzy
[0.230s] Level 1:colcon.colcon_core.package_discovery:discover_packages(prefix_path) using defaults
[0.289s] Level 5:colcon.colcon_core.verb:set package 'saad_controller' build argument 'cmake_args' from command line to 'None'
[0.289s] Level 5:colcon.colcon_core.verb:set package 'saad_controller' build argument 'cmake_target' from command line to 'None'
[0.289s] Level 5:colcon.colcon_core.verb:set package 'saad_controller' build argument 'cmake_target_skip_unavailable' from command line to 'False'
[0.289s] Level 5:colcon.colcon_core.verb:set package 'saad_controller' build argument 'cmake_clean_cache' from command line to 'False'
[0.289s] Level 5:colcon.colcon_core.verb:set package 'saad_controller' build argument 'cmake_clean_first' from command line to 'False'
[0.289s] Level 5:colcon.colcon_core.verb:set package 'saad_controller' build argument 'cmake_force_configure' from command line to 'False'
[0.289s] Level 5:colcon.colcon_core.verb:set package 'saad_controller' build argument 'ament_cmake_args' from command line to 'None'
[0.290s] Level 5:colcon.colcon_core.verb:set package 'saad_controller' build argument 'catkin_cmake_args' from command line to 'None'
[0.290s] Level 5:colcon.colcon_core.verb:set package 'saad_controller' build argument 'catkin_skip_building_tests' from command line to 'False'
[0.290s] DEBUG:colcon.colcon_core.verb:Building package 'saad_controller' with the following arguments: {'ament_cmake_args': None, 'build_base': '/home/griffithw/saad_sys/build/saad_controller', 'catkin_cmake_args': None, 'catkin_skip_building_tests': False, 'cmake_args': None, 'cmake_clean_cache': False, 'cmake_clean_first': False, 'cmake_force_configure': False, 'cmake_target': None, 'cmake_target_skip_unavailable': False, 'install_base': '/home/griffithw/saad_sys/install/saad_controller', 'merge_install': False, 'path': '/home/griffithw/saad_sys/src/saad_controller', 'symlink_install': False, 'test_result_base': None}
[0.290s] Level 5:colcon.colcon_core.verb:set package 'thruster_control_left' build argument 'cmake_args' from command line to 'None'
[0.290s] Level 5:colcon.colcon_core.verb:set package 'thruster_control_left' build argument 'cmake_target' from command line to 'None'
[0.290s] Level 5:colcon.colcon_core.verb:set package 'thruster_control_left' build argument 'cmake_target_skip_unavailable' from command line to 'False'
[0.290s] Level 5:colcon.colcon_core.verb:set package 'thruster_control_left' build argument 'cmake_clean_cache' from command line to 'False'
[0.290s] Level 5:colcon.colcon_core.verb:set package 'thruster_control_left' build argument 'cmake_clean_first' from command line to 'False'
[0.290s] Level 5:colcon.colcon_core.verb:set package 'thruster_control_left' build argument 'cmake_force_configure' from command line to 'False'
[0.290s] Level 5:colcon.colcon_core.verb:set package 'thruster_control_left' build argument 'ament_cmake_args' from command line to 'None'
[0.290s] Level 5:colcon.colcon_core.verb:set package 'thruster_control_left' build argument 'catkin_cmake_args' from command line to 'None'
[0.290s] Level 5:colcon.colcon_core.verb:set package 'thruster_control_left' build argument 'catkin_skip_building_tests' from command line to 'False'
[0.290s] DEBUG:colcon.colcon_core.verb:Building package 'thruster_control_left' with the following arguments: {'ament_cmake_args': None, 'build_base': '/home/griffithw/saad_sys/build/thruster_control_left', 'catkin_cmake_args': None, 'catkin_skip_building_tests': False, 'cmake_args': None, 'cmake_clean_cache': False, 'cmake_clean_first': False, 'cmake_force_configure': False, 'cmake_target': None, 'cmake_target_skip_unavailable': False, 'install_base': '/home/griffithw/saad_sys/install/thruster_control_left', 'merge_install': False, 'path': '/home/griffithw/saad_sys/src/thruster_control_left', 'symlink_install': False, 'test_result_base': None}
[0.290s] INFO:colcon.colcon_core.executor:Executing jobs using 'parallel' executor
[0.290s] DEBUG:colcon.colcon_parallel_executor.executor.parallel:run_until_complete
[0.291s] INFO:colcon.colcon_ros.task.ament_cmake.build:Building ROS package in '/home/griffithw/saad_sys/src/saad_controller' with build type 'ament_cmake'
[0.291s] INFO:colcon.colcon_cmake.task.cmake.build:Building CMake package in '/home/griffithw/saad_sys/src/saad_controller'
[0.300s] INFO:colcon.colcon_core.plugin_system:Skipping extension 'colcon_core.shell.bat': Not used on non-Windows systems
[0.300s] INFO:colcon.colcon_core.shell:Skip shell extension 'powershell' for command environment: Not usable outside of PowerShell
[0.300s] DEBUG:colcon.colcon_core.shell:Skip shell extension 'dsv' for command environment
[0.302s] INFO:colcon.colcon_ros.task.ament_python.build:Building ROS package in '/home/griffithw/saad_sys/src/thruster_control_left' with build type 'ament_python'
[0.302s] Level 1:colcon.colcon_core.shell:create_environment_hook('thruster_control_left', 'ament_prefix_path')
[0.303s] INFO:colcon.colcon_core.shell:Creating environment hook '/home/griffithw/saad_sys/install/thruster_control_left/share/thruster_control_left/hook/ament_prefix_path.ps1'
[0.303s] INFO:colcon.colcon_core.shell:Creating environment descriptor '/home/griffithw/saad_sys/install/thruster_control_left/share/thruster_control_left/hook/ament_prefix_path.dsv'
[0.304s] INFO:colcon.colcon_core.shell:Creating environment hook '/home/griffithw/saad_sys/install/thruster_control_left/share/thruster_control_left/hook/ament_prefix_path.sh'
[0.304s] INFO:colcon.colcon_core.shell:Skip shell extension 'powershell' for command environment: Not usable outside of PowerShell
[0.304s] DEBUG:colcon.colcon_core.shell:Skip shell extension 'dsv' for command environment
[0.308s] DEBUG:colcon.colcon_core.event_handler.log_command:Invoking command in '/home/griffithw/saad_sys/build/saad_controller': CMAKE_PREFIX_PATH=${CMAKE_PREFIX_PATH}:/opt/ros/jazzy DEBUGINFOD_URLS=https://debuginfod.ubuntu.com /usr/bin/cmake --build /home/griffithw/saad_sys/build/saad_controller -- -j4 -l4
[0.440s] INFO:colcon.colcon_core.task.python.build:Building Python package in '/home/griffithw/saad_sys/src/thruster_control_left'
[0.440s] INFO:colcon.colcon_core.shell:Skip shell extension 'powershell' for command environment: Not usable outside of PowerShell
[0.440s] DEBUG:colcon.colcon_core.shell:Skip shell extension 'dsv' for command environment
[0.442s] DEBUG:colcon.colcon_core.event_handler.log_command:Invoked command in '/home/griffithw/saad_sys/build/saad_controller' returned '0': CMAKE_PREFIX_PATH=${CMAKE_PREFIX_PATH}:/opt/ros/jazzy DEBUGINFOD_URLS=https://debuginfod.ubuntu.com /usr/bin/cmake --build /home/griffithw/saad_sys/build/saad_controller -- -j4 -l4
[0.459s] DEBUG:colcon.colcon_core.event_handler.log_command:Invoking command in '/home/griffithw/saad_sys/build/saad_controller': CMAKE_PREFIX_PATH=${CMAKE_PREFIX_PATH}:/opt/ros/jazzy DEBUGINFOD_URLS=https://debuginfod.ubuntu.com /usr/bin/cmake --install /home/griffithw/saad_sys/build/saad_controller
[0.466s] Level 1:colcon.colcon_core.environment:create_environment_scripts_only(saad_controller)
[0.466s] DEBUG:colcon.colcon_core.event_handler.log_command:Invoked command in '/home/griffithw/saad_sys/build/saad_controller' returned '0': CMAKE_PREFIX_PATH=${CMAKE_PREFIX_PATH}:/opt/ros/jazzy DEBUGINFOD_URLS=https://debuginfod.ubuntu.com /usr/bin/cmake --install /home/griffithw/saad_sys/build/saad_controller
[0.474s] Level 1:colcon.colcon_core.environment:checking '/home/griffithw/saad_sys/install/saad_controller' for CMake module files
[0.475s] Level 1:colcon.colcon_core.environment:checking '/home/griffithw/saad_sys/install/saad_controller' for CMake config files
[0.475s] Level 1:colcon.colcon_core.shell:create_environment_hook('saad_controller', 'cmake_prefix_path')
[0.475s] INFO:colcon.colcon_core.shell:Creating environment hook '/home/griffithw/saad_sys/install/saad_controller/share/saad_controller/hook/cmake_prefix_path.ps1'
[0.476s] INFO:colcon.colcon_core.shell:Creating environment descriptor '/home/griffithw/saad_sys/install/saad_controller/share/saad_controller/hook/cmake_prefix_path.dsv'
[0.476s] INFO:colcon.colcon_core.shell:Creating environment hook '/home/griffithw/saad_sys/install/saad_controller/share/saad_controller/hook/cmake_prefix_path.sh'
[0.476s] Level 1:colcon.colcon_core.environment:checking '/home/griffithw/saad_sys/install/saad_controller/bin'
[0.476s] Level 1:colcon.colcon_core.environment:checking '/home/griffithw/saad_sys/install/saad_controller/lib/pkgconfig/saad_controller.pc'
[0.476s] Level 1:colcon.colcon_core.environment:checking '/home/griffithw/saad_sys/install/saad_controller/lib/python3.12/site-packages'
[0.477s] Level 1:colcon.colcon_core.environment:checking '/home/griffithw/saad_sys/install/saad_controller/bin'
[0.477s] INFO:colcon.colcon_core.shell:Creating package script '/home/griffithw/saad_sys/install/saad_controller/share/saad_controller/package.ps1'
[0.478s] INFO:colcon.colcon_core.shell:Creating package descriptor '/home/griffithw/saad_sys/install/saad_controller/share/saad_controller/package.dsv'
[0.478s] INFO:colcon.colcon_core.shell:Creating package script '/home/griffithw/saad_sys/install/saad_controller/share/saad_controller/package.sh'
[0.479s] INFO:colcon.colcon_core.shell:Creating package script '/home/griffithw/saad_sys/install/saad_controller/share/saad_controller/package.bash'
[0.480s] INFO:colcon.colcon_core.shell:Creating package script '/home/griffithw/saad_sys/install/saad_controller/share/saad_controller/package.zsh'
[0.482s] Level 1:colcon.colcon_core.environment:create_file_with_runtime_dependencies(/home/griffithw/saad_sys/install/saad_controller/share/colcon-core/packages/saad_controller)
[0.493s] Level 1:colcon.colcon_core.environment:create_environment_scripts_only(saad_controller)
[0.493s] Level 1:colcon.colcon_core.environment:checking '/home/griffithw/saad_sys/install/saad_controller' for CMake module files
[0.493s] Level 1:colcon.colcon_core.environment:checking '/home/griffithw/saad_sys/install/saad_controller' for CMake config files
[0.493s] Level 1:colcon.colcon_core.shell:create_environment_hook('saad_controller', 'cmake_prefix_path')
[0.493s] INFO:colcon.colcon_core.shell:Creating environment hook '/home/griffithw/saad_sys/install/saad_controller/share/saad_controller/hook/cmake_prefix_path.ps1'
[0.494s] INFO:colcon.colcon_core.shell:Creating environment descriptor '/home/griffithw/saad_sys/install/saad_controller/share/saad_controller/hook/cmake_prefix_path.dsv'
[0.494s] INFO:colcon.colcon_core.shell:Creating environment hook '/home/griffithw/saad_sys/install/saad_controller/share/saad_controller/hook/cmake_prefix_path.sh'
[0.494s] Level 1:colcon.colcon_core.environment:checking '/home/griffithw/saad_sys/install/saad_controller/bin'
[0.494s] Level 1:colcon.colcon_core.environment:checking '/home/griffithw/saad_sys/install/saad_controller/lib/pkgconfig/saad_controller.pc'
[0.495s] Level 1:colcon.colcon_core.environment:checking '/home/griffithw/saad_sys/install/saad_controller/lib/python3.12/site-packages'
[0.495s] Level 1:colcon.colcon_core.environment:checking '/home/griffithw/saad_sys/install/saad_controller/bin'
[0.495s] INFO:colcon.colcon_core.shell:Creating package script '/home/griffithw/saad_sys/install/saad_controller/share/saad_controller/package.ps1'
[0.495s] INFO:colcon.colcon_core.shell:Creating package descriptor '/home/griffithw/saad_sys/install/saad_controller/share/saad_controller/package.dsv'
[0.495s] INFO:colcon.colcon_core.shell:Creating package script '/home/griffithw/saad_sys/install/saad_controller/share/saad_controller/package.sh'
[0.496s] INFO:colcon.colcon_core.shell:Creating package script '/home/griffithw/saad_sys/install/saad_controller/share/saad_controller/package.bash'
[0.496s] INFO:colcon.colcon_core.shell:Creating package script '/home/griffithw/saad_sys/install/saad_controller/share/saad_controller/package.zsh'
[0.496s] Level 1:colcon.colcon_core.environment:create_file_with_runtime_dependencies(/home/griffithw/saad_sys/install/saad_controller/share/colcon-core/packages/saad_controller)
[1.028s] DEBUG:colcon.colcon_core.event_handler.log_command:Invoking command in '/home/griffithw/saad_sys/src/thruster_control_left': DEBUGINFOD_URLS=https://debuginfod.ubuntu.com PYTHONPATH=/home/griffithw/saad_sys/build/thruster_control_left/prefix_override:/usr/lib/python3/dist-packages/colcon_core/task/python/colcon_distutils_commands:/home/griffithw/saad_sys/install/thruster_control_left/lib/python3.12/site-packages:${PYTHONPATH} /usr/bin/python3 -W ignore:setup.py install is deprecated setup.py egg_info --egg-base ../../build/thruster_control_left build --build-base /home/griffithw/saad_sys/build/thruster_control_left/build install --record /home/griffithw/saad_sys/build/thruster_control_left/install.log --single-version-externally-managed install_data
[1.336s] Level 1:colcon.colcon_core.environment:checking '/home/griffithw/saad_sys/install/thruster_control_left' for CMake module files
[1.336s] Level 1:colcon.colcon_core.environment:checking '/home/griffithw/saad_sys/install/thruster_control_left' for CMake config files
[1.336s] Level 1:colcon.colcon_core.environment:checking '/home/griffithw/saad_sys/install/thruster_control_left/lib'
[1.336s] Level 1:colcon.colcon_core.environment:checking '/home/griffithw/saad_sys/install/thruster_control_left/bin'
[1.336s] Level 1:colcon.colcon_core.environment:checking '/home/griffithw/saad_sys/install/thruster_control_left/lib/pkgconfig/thruster_control_left.pc'
[1.337s] Level 1:colcon.colcon_core.environment:checking '/home/griffithw/saad_sys/install/thruster_control_left/lib/python3.12/site-packages'
[1.337s] Level 1:colcon.colcon_core.shell:create_environment_hook('thruster_control_left', 'pythonpath')
[1.337s] INFO:colcon.colcon_core.shell:Creating environment hook '/home/griffithw/saad_sys/install/thruster_control_left/share/thruster_control_left/hook/pythonpath.ps1'
[1.337s] DEBUG:colcon.colcon_core.event_handler.log_command:Invoked command in '/home/griffithw/saad_sys/src/thruster_control_left' returned '0': DEBUGINFOD_URLS=https://debuginfod.ubuntu.com PYTHONPATH=/home/griffithw/saad_sys/build/thruster_control_left/prefix_override:/usr/lib/python3/dist-packages/colcon_core/task/python/colcon_distutils_commands:/home/griffithw/saad_sys/install/thruster_control_left/lib/python3.12/site-packages:${PYTHONPATH} /usr/bin/python3 -W ignore:setup.py install is deprecated setup.py egg_info --egg-base ../../build/thruster_control_left build --build-base /home/griffithw/saad_sys/build/thruster_control_left/build install --record /home/griffithw/saad_sys/build/thruster_control_left/install.log --single-version-externally-managed install_data
[1.337s] INFO:colcon.colcon_core.shell:Creating environment descriptor '/home/griffithw/saad_sys/install/thruster_control_left/share/thruster_control_left/hook/pythonpath.dsv'
[1.337s] INFO:colcon.colcon_core.shell:Creating environment hook '/home/griffithw/saad_sys/install/thruster_control_left/share/thruster_control_left/hook/pythonpath.sh'
[1.338s] Level 1:colcon.colcon_core.environment:checking '/home/griffithw/saad_sys/install/thruster_control_left/bin'
[1.338s] Level 1:colcon.colcon_core.environment:create_environment_scripts_only(thruster_control_left)
[1.338s] INFO:colcon.colcon_core.shell:Creating package script '/home/griffithw/saad_sys/install/thruster_control_left/share/thruster_control_left/package.ps1'
[1.338s] INFO:colcon.colcon_core.shell:Creating package descriptor '/home/griffithw/saad_sys/install/thruster_control_left/share/thruster_control_left/package.dsv'
[1.338s] INFO:colcon.colcon_core.shell:Creating package script '/home/griffithw/saad_sys/install/thruster_control_left/share/thruster_control_left/package.sh'
[1.338s] INFO:colcon.colcon_core.shell:Creating package script '/home/griffithw/saad_sys/install/thruster_control_left/share/thruster_control_left/package.bash'
[1.339s] INFO:colcon.colcon_core.shell:Creating package script '/home/griffithw/saad_sys/install/thruster_control_left/share/thruster_control_left/package.zsh'
[1.339s] Level 1:colcon.colcon_core.environment:create_file_with_runtime_dependencies(/home/griffithw/saad_sys/install/thruster_control_left/share/colcon-core/packages/thruster_control_left)
[1.339s] DEBUG:colcon.colcon_parallel_executor.executor.parallel:closing loop
[1.339s] DEBUG:colcon.colcon_parallel_executor.executor.parallel:loop closed
[1.339s] DEBUG:colcon.colcon_parallel_executor.executor.parallel:run_until_complete finished with '0'
[1.339s] DEBUG:colcon.colcon_core.event_reactor:joining thread
[1.357s] INFO:colcon.colcon_core.plugin_system:Skipping extension 'colcon_notification.desktop_notification.terminal_notifier': Not used on non-Darwin systems
[1.357s] INFO:colcon.colcon_core.plugin_system:Skipping extension 'colcon_notification.desktop_notification.win32': Not used on non-Windows systems
[1.357s] INFO:colcon.colcon_notification.desktop_notification:Sending desktop notification using 'notify2'
[1.372s] DEBUG:colcon.colcon_core.event_reactor:joined thread
[1.372s] INFO:colcon.colcon_core.shell:Creating prefix script '/home/griffithw/saad_sys/install/local_setup.ps1'
[1.373s] INFO:colcon.colcon_core.shell:Creating prefix util module '/home/griffithw/saad_sys/install/_local_setup_util_ps1.py'
[1.378s] INFO:colcon.colcon_core.shell:Creating prefix chain script '/home/griffithw/saad_sys/install/setup.ps1'
[1.380s] INFO:colcon.colcon_core.shell:Creating prefix script '/home/griffithw/saad_sys/install/local_setup.sh'
[1.381s] INFO:colcon.colcon_core.shell:Creating prefix util module '/home/griffithw/saad_sys/install/_local_setup_util_sh.py'
[1.381s] INFO:colcon.colcon_core.shell:Creating prefix chain script '/home/griffithw/saad_sys/install/setup.sh'
[1.382s] INFO:colcon.colcon_core.shell:Creating prefix script '/home/griffithw/saad_sys/install/local_setup.bash'
[1.382s] INFO:colcon.colcon_core.shell:Creating prefix chain script '/home/griffithw/saad_sys/install/setup.bash'
[1.384s] INFO:colcon.colcon_core.shell:Creating prefix script '/home/griffithw/saad_sys/install/local_setup.zsh'
[1.386s] INFO:colcon.colcon_core.shell:Creating prefix chain script '/home/griffithw/saad_sys/install/setup.zsh'
